#
# A fatal error has been detected by the Java Runtime Environment:
#
#  EXCEPTION_ACCESS_VIOLATION (0xc0000005) at pc=0x00007ffdc78dcb30, pid=17988, tid=20476
#
# JRE version: OpenJDK Runtime Environment Temurin-17.0.10+7 (17.0.10+7) (build 17.0.10+7)
# Java VM: OpenJDK 64-Bit Server VM Temurin-17.0.10+7 (17.0.10+7, mixed mode, tiered, compressed oops, compressed class ptrs, parallel gc, windows-amd64)
# Problematic frame:
# V  [jvm.dll+0xcb30]
#
# No core dump will be written. Minidumps are not enabled by default on client versions of Windows
#
# If you would like to submit a bug report, please visit:
#   https://github.com/adoptium/adoptium-support/issues
#

---------------  S U M M A R Y ------------

Command Line: --add-modules=ALL-SYSTEM --add-opens=java.base/java.util=ALL-UNNAMED --add-opens=java.base/java.lang=ALL-UNNAMED --add-opens=java.base/sun.nio.fs=ALL-UNNAMED -Declipse.application=org.eclipse.jdt.ls.core.id1 -Dosgi.bundles.defaultStartLevel=4 -Declipse.product=org.eclipse.jdt.ls.core.product -Djava.import.generatesMetadataFilesAtProjectRoot=false -DDetectVMInstallationsJob.disabled=true -Dfile.encoding=utf8 -XX:+UseParallelGC -XX:GCTimeRatio=4 -XX:AdaptiveSizePolicyWeight=90 -Dsun.zip.disableMemoryMapping=true -Xmx1G -Xms100m -Xlog:disable -javaagent:c:\Users\User\.vscode\extensions\redhat.java-1.28.1-win32-x64\lombok\lombok-1.18.31.jar -XX:+HeapDumpOnOutOfMemoryError -XX:HeapDumpPath=c:\Users\User\AppData\Roaming\Code\User\workspaceStorage\84adf0e538bb5be1a7ab1075a8666ddc\redhat.java -Daether.dependencyCollector.impl=bf c:\Users\User\.vscode\extensions\redhat.java-1.28.1-win32-x64\server\plugins\org.eclipse.equinox.launcher_1.6.700.v20231214-2017.jar -configuration c:\Users\User\AppData\Roaming\Code\User\globalStorage\redhat.java\1.28.1\config_win -data c:\Users\User\AppData\Roaming\Code\User\workspaceStorage\84adf0e538bb5be1a7ab1075a8666ddc\redhat.java\jdt_ws --stdio

Host: AMD A10-5800K APU with Radeon(tm) HD Graphics  , 4 cores, 7G,  Windows 10 , 64 bit Build 19041 (10.0.19041.3636)
Time: Tue Feb 27 18:41:42 2024 Malay Peninsula Standard Time elapsed time: 22138.442911 seconds (0d 6h 8m 58s)

---------------  T H R E A D  ---------------

Current thread (0x000002507edad750):  GCTaskThread "GC Thread#2" [stack: 0x000000fabd300000,0x000000fabd400000] [id=20476]

Stack: [0x000000fabd300000,0x000000fabd400000],  sp=0x000000fabd3ffb08,  free space=1022k
Native frames: (J=compiled Java code, j=interpreted, Vv=VM code, C=native code)
V  [jvm.dll+0xcb30]


siginfo: EXCEPTION_ACCESS_VIOLATION (0xc0000005), reading address 0x0000000000000100


Registers:
RAX=0x0000000000000000, RBX=0x00000000c6e64000, RCX=0x0000000100691280, RDX=0x00000000c6e64000
RSP=0x000000fabd3ffb08, RBP=0x000002507d5686d0, RSI=0x00007ffdc8281158, RDI=0x00000000c6e63ff8
R8 =0x0000000100691280, R9 =0x0000000000000001, R10=0x0000000000000000, R11=0x00000000c6e63fe8
R12=0x00000000000003d8, R13=0x000000fabd3ffcf0, R14=0x00000000c6e63ffc, R15=0x0000000000000000
RIP=0x00007ffdc78dcb30, EFLAGS=0x0000000000010246


Register to memory mapping:

RIP=0x00007ffdc78dcb30 jvm.dll
RAX=0x0 is NULL
RBX=
[error occurred during error reporting (printing register info), id 0xc0000005, EXCEPTION_ACCESS_VIOLATION (0xc0000005) at pc=0x00007ffdc7f599b3]

Top of Stack: (sp=0x000000fabd3ffb08)
0x000000fabd3ffb08:   00007ffdc7f80328 00000000c6e63d58
0x000000fabd3ffb18:   00000000c6e63d50 0000000000000000
0x000000fabd3ffb28:   00007ffdc83fc7a0 00007ffdc83fc7a0
0x000000fabd3ffb38:   00007ffdc7f80663 000002507d5686d0
0x000000fabd3ffb48:   00007ffdc81ebb90 00007ffdc8281158
0x000000fabd3ffb58:   000000000001252c 0000000000000000
0x000000fabd3ffb68:   0000000000000000 00000250787a1ca0
0x000000fabd3ffb78:   00007ffdc80b0001 000000fabd3ffc01
0x000000fabd3ffb88:   00000000c0cef728 00007ffdc81ebb90
0x000000fabd3ffb98:   00000250787ad970 0000025000000003
0x000000fabd3ffba8:   000002507d5686d0 0000000000000000
0x000000fabd3ffbb8:   0000000000000000 00000250787a1ca0
0x000000fabd3ffbc8:   000002507e6952a8 000002507ec627c0
0x000000fabd3ffbd8:   000002507e694ed0 000002507e694ec0
0x000000fabd3ffbe8:   00007ffdc7f85218 000002507d5686d0
0x000000fabd3ffbf8:   000002507e694ec0 000002507e694ed0
0x000000fabd3ffc08:   000002507d5686d0 00007ffdc8281948
0x000000fabd3ffc18:   000002507d5686d0 00007ffdc8224ad0
0x000000fabd3ffc28:   000000fabd3ffc10 0000000000000000
0x000000fabd3ffc38:   0000000000000000 0000000000000002
0x000000fabd3ffc48:   0000000000000001 00007ffdc8281948
0x000000fabd3ffc58:   000000fabc5fea80 00000250135ed660
0x000000fabd3ffc68:   00007ffdc80b81e8 0000000000002852
0x000000fabd3ffc78:   00000250135ed758 000000fabd3ffcf0
0x000000fabd3ffc88:   000000000000000a 000000fabc5febc0
0x000000fabd3ffc98:   00007ffdc7f89c0d 0000000000000000
0x000000fabd3ffca8:   000000fabd3ffd20 000002507edad750
0x000000fabd3ffcb8:   000000fabc5fea80 000000fabc5fee20
0x000000fabd3ffcc8:   000002507e694ec0 0000000200000002
0x000000fabd3ffcd8:   000000fabc5fea80 0000000000000000
0x000000fabd3ffce8:   000000338b8298d7 00007ffdc8281b50
0x000000fabd3ffcf8:   0000000000000002 0000000000000000 

Instructions: (pc=0x00007ffdc78dcb30)
0x00007ffdc78dca30:   8b d0 48 85 c0 74 20 48 8b c7 f0 48 0f b1 13 74
0x00007ffdc78dca40:   16 48 85 05 d0 49 bb 00 74 0d 48 8b c8 f0 48 0f
0x00007ffdc78dca50:   b1 13 48 3b c1 75 ea 48 8b 5c 24 30 48 8b c2 48
0x00007ffdc78dca60:   83 c4 20 5f c3 cc cc cc cc cc cc cc cc cc cc cc
0x00007ffdc78dca70:   4c 8b 01 4c 8b c9 48 8b 0d 53 60 b6 00 ba 64 60
0x00007ffdc78dca80:   08 00 e9 49 f1 ff ff cc cc cc cc cc cc cc cc cc
0x00007ffdc78dca90:   8b 05 62 a8 b0 00 c3 cc cc cc cc cc cc cc cc cc
0x00007ffdc78dcaa0:   0f b6 05 db 68 b7 00 48 8b d1 84 c0 74 16 44 8b
0x00007ffdc78dcab0:   41 08 8b 0d 40 a8 b0 00 49 d3 e0 4c 03 05 2e a8
0x00007ffdc78dcac0:   b0 00 eb 04 4c 8b 41 08 45 8b 50 08 45 85 d2 7e
0x00007ffdc78dcad0:   0e 41 f6 c2 01 75 53 41 c1 fa 03 41 8b c2 c3 79
0x00007ffdc78dcae0:   49 84 c0 b9 10 00 00 00 8b 05 46 b7 b0 00 41 b8
0x00007ffdc78dcaf0:   0c 00 00 00 41 0f 45 c8 ff c8 4c 63 c8 48 63 14
0x00007ffdc78dcb00:   11 41 8b ca 83 e1 3f 48 d3 e2 41 8b ca 48 c1 f9
0x00007ffdc78dcb10:   10 0f b6 c1 49 8d 0c 11 49 f7 d1 48 03 c1 49 c1
0x00007ffdc78dcb20:   e9 03 48 c1 e8 03 41 23 c1 c3 49 8b 00 49 8b c8
0x00007ffdc78dcb30:   48 ff a0 00 01 00 00 cc cc cc cc cc cc cc cc cc
0x00007ffdc78dcb40:   8b 44 24 30 45 03 c9 44 2b 4c 24 28 83 c0 0b 44
0x00007ffdc78dcb50:   03 ca 45 03 c8 41 03 c1 c3 cc cc cc cc cc cc cc
0x00007ffdc78dcb60:   4c 8b ca 48 8b d1 45 8b 41 08 45 85 c0 7e 0e 41
0x00007ffdc78dcb70:   f6 c0 01 75 56 41 c1 f8 03 41 8b c0 c3 79 4c 80
0x00007ffdc78dcb80:   3d fc 67 b7 00 00 b8 0c 00 00 00 b9 10 00 00 00
0x00007ffdc78dcb90:   0f 45 c8 8b 05 9b b6 b0 00 ff c8 4c 63 c8 48 63
0x00007ffdc78dcba0:   14 11 41 8b c8 83 e1 3f 48 d3 e2 41 8b c8 48 c1
0x00007ffdc78dcbb0:   f9 10 0f b6 c1 49 8d 0c 11 49 f7 d1 48 03 c1 49
0x00007ffdc78dcbc0:   c1 e9 03 48 c1 e8 03 41 23 c1 c3 49 8b 01 49 8b
0x00007ffdc78dcbd0:   c9 48 ff a0 00 01 00 00 cc cc cc cc cc cc cc cc
0x00007ffdc78dcbe0:   48 8b 41 08 0f b7 48 2a 0f b7 40 28 83 c0 48 03
0x00007ffdc78dcbf0:   c1 c3 cc cc cc cc cc cc cc cc cc cc cc cc cc cc
0x00007ffdc78dcc00:   48 89 5c 24 08 57 48 83 ec 20 0f b6 05 df 4f bb
0x00007ffdc78dcc10:   00 48 8b fa 48 8b d9 84 c0 74 4f 48 85 15 f6 47
0x00007ffdc78dcc20:   bb 00 74 38 48 8b ca e8 54 99 85 00 48 8b d0 48 


Stack slot to memory mapping:
stack at sp + 0 slots: 0x00007ffdc7f80328 jvm.dll
stack at sp + 1 slots: 0x00000000c6e63d58 is an oop: org.eclipse.jdt.internal.compiler.lookup.ParameterizedTypeBinding 
{0x00000000c6e63d58} - klass: 'org/eclipse/jdt/internal/compiler/lookup/ParameterizedTypeBinding'
 - ---- fields (total size 15 words):
 - public 'id' 'I' @12  666 (29a)
 - public 'tagBits' 'J' @16  25167884 (180080c 0)
 - public 'extendedTagBits' 'I' @24  0
 - protected 'typeAnnotations' '[Lorg/eclipse/jdt/internal/compiler/lookup/AnnotationBinding;' @28  a 'org/eclipse/jdt/internal/compiler/lookup/AnnotationBinding'[0] {0x00000000c09e38c0} (c09e38c0)
 - public 'modifiers' 'I' @32  1073743369 (40000609)
 - 'typeBits' 'I' @36  0
 - public 'compoundName' '[[C' @40  a {type array char}[3] {0x00000000c6e0bc80} (c6e0bc80)
 - public 'sourceName' '[C' @44  [C{0x00000000c5f05118} (c5f05118)
 - public 'fPackage' 'Lorg/eclipse/jdt/internal/compiler/lookup/PackageBinding;' @48  a 'org/eclipse/jdt/internal/compiler/lookup/PlainPackageBinding'{0x00000000c6de7108} (c6de7108)
 - 'fileName' '[C' @52  [C{0x00000000c5f05138} (c5f05138)
 - 'constantPoolName' '[C' @56  NULL (0)
 - 'signature' '[C' @60  NULL (0)
 - private 'compatibleCache' 'Lorg/eclipse/jdt/internal/compiler/util/SimpleLookupTable;' @64  NULL (0)
 - protected 'singleAbstractMethod' '[Lorg/eclipse/jdt/internal/compiler/lookup/MethodBinding;' @68  NULL (0)
 - protected 'type' 'Lorg/eclipse/jdt/internal/compiler/lookup/ReferenceBinding;' @72  a 'org/eclipse/jdt/internal/compiler/lookup/BinaryTypeBinding'{0x00000000c6e0bcf8} (c6e0bcf8)
 - public 'arguments' '[Lorg/eclipse/jdt/internal/compiler/lookup/TypeBinding;' @76  a 'org/eclipse/jdt/internal/compiler/lookup/TypeBinding'[2] {0x00000000c6e63dd0} (c6e63dd0)
 - public 'environment' 'Lorg/eclipse/jdt/internal/compiler/lookup/LookupEnvironment;' @80  a 'org/eclipse/jdt/internal/compiler/lookup/LookupEnvironment'{0x00000000c6de2fb0} (c6de2fb0)
 - public 'genericTypeSignature' '[C' @84  NULL (0)
 - public 'superclass' 'Lorg/eclipse/jdt/internal/compiler/lookup/ReferenceBinding;' @88  NULL (0)
 - public 'superInterfaces' '[Lorg/eclipse/jdt/internal/compiler/lookup/ReferenceBinding;' @92  NULL (0)
 - public 'fields' '[Lorg/eclipse/jdt/internal/compiler/lookup/FieldBinding;' @96  NULL (0)
 - protected 'components' '[Lorg/eclipse/jdt/internal/compiler/lookup/RecordComponentBinding;' @100  NULL (0)
 - public 'memberTypes' '[Lorg/eclipse/jdt/internal/compiler/lookup/ReferenceBinding;' @104  NULL (0)
 - public 'methods' '[Lorg/eclipse/jdt/internal/compiler/lookup/MethodBinding;' @108  NULL (0)
 - protected 'enclosingType' 'Lorg/eclipse/jdt/internal/compiler/lookup/ReferenceBinding;' @112  a 'org/eclipse/jdt/internal/compiler/lookup/BinaryTypeBinding'{0x00000000c6e0ab70} (c6e0ab70)
stack at sp + 2 slots: 0x00000000c6e63d50 is pointing into object: [Lorg.eclipse.jdt.internal.compiler.lookup.ParameterizedTypeBinding; 
{0x00000000c6e63d40} - klass: 'org/eclipse/jdt/internal/compiler/lookup/ParameterizedTypeBinding'[]
 - length: 1
stack at sp + 3 slots: 0x0 is NULL
stack at sp + 4 slots: 0x00007ffdc83fc7a0 jvm.dll
stack at sp + 5 slots: 0x00007ffdc83fc7a0 jvm.dll
stack at sp + 6 slots: 0x00007ffdc7f80663 jvm.dll
stack at sp + 7 slots: 0x000002507d5686d0 points into unknown readable memory: 0x000002507885be80 | 80 be 85 78 50 02 00 00


---------------  P R O C E S S  ---------------

Threads class SMR info:
_java_thread_list=0x0000025015880f70, length=31, elements={
0x00000250787a1ca0, 0x000002507885dd50, 0x000002507d5e17c0, 0x000002507d608150,
0x000002507d608ee0, 0x000002507d609c70, 0x000002507d60d560, 0x000002507d60e210,
0x000002507e652be0, 0x000002507e655cb0, 0x0000025078802d20, 0x000002507e8e9790,
0x000002507ecea3a0, 0x000002507ee9a350, 0x000002507ee25110, 0x000002507eb5ce60,
0x000002507e9b1950, 0x000002507e7054c0, 0x000002507e704aa0, 0x0000025013a7b550,
0x0000025013a787c0, 0x0000025013a7c480, 0x0000025013a79c00, 0x0000025013a796f0,
0x000002507ee7a5a0, 0x000002507ee7f6a0, 0x000002507ee7c400, 0x000002507ee7ce20,
0x000002507ee78c50, 0x0000025013a7e7f0, 0x0000025013a78cd0
}

Java Threads: ( => current thread )
  0x00000250787a1ca0 JavaThread "main" [_thread_blocked, id=14896, stack(0x000000fabc300000,0x000000fabc400000)]
  0x000002507885dd50 JavaThread "Reference Handler" daemon [_thread_blocked, id=11388, stack(0x000000fabc600000,0x000000fabc700000)]
  0x000002507d5e17c0 JavaThread "Finalizer" daemon [_thread_blocked, id=22560, stack(0x000000fabc700000,0x000000fabc800000)]
  0x000002507d608150 JavaThread "Signal Dispatcher" daemon [_thread_blocked, id=3200, stack(0x000000fabc800000,0x000000fabc900000)]
  0x000002507d608ee0 JavaThread "Attach Listener" daemon [_thread_blocked, id=10228, stack(0x000000fabc900000,0x000000fabca00000)]
  0x000002507d609c70 JavaThread "Service Thread" daemon [_thread_blocked, id=24064, stack(0x000000fabca00000,0x000000fabcb00000)]
  0x000002507d60d560 JavaThread "Monitor Deflation Thread" daemon [_thread_blocked, id=1704, stack(0x000000fabcb00000,0x000000fabcc00000)]
  0x000002507d60e210 JavaThread "C2 CompilerThread0" daemon [_thread_blocked, id=23848, stack(0x000000fabcc00000,0x000000fabcd00000)]
  0x000002507e652be0 JavaThread "C1 CompilerThread0" daemon [_thread_blocked, id=19572, stack(0x000000fabcd00000,0x000000fabce00000)]
  0x000002507e655cb0 JavaThread "Sweeper thread" daemon [_thread_blocked, id=23060, stack(0x000000fabce00000,0x000000fabcf00000)]
  0x0000025078802d20 JavaThread "Common-Cleaner" daemon [_thread_blocked, id=17292, stack(0x000000fabcf00000,0x000000fabd000000)]
  0x000002507e8e9790 JavaThread "Notification Thread" daemon [_thread_blocked, id=12684, stack(0x000000fabd000000,0x000000fabd100000)]
  0x000002507ecea3a0 JavaThread "Active Thread: Equinox Container: 4f3cf8c1-117d-4a04-bc41-6181dd8d2bcb" [_thread_blocked, id=10352, stack(0x000000fabd500000,0x000000fabd600000)]
  0x000002507ee9a350 JavaThread "Framework Event Dispatcher: Equinox Container: 4f3cf8c1-117d-4a04-bc41-6181dd8d2bcb" daemon [_thread_blocked, id=4508, stack(0x000000fabd700000,0x000000fabd800000)]
  0x000002507ee25110 JavaThread "Start Level: Equinox Container: 4f3cf8c1-117d-4a04-bc41-6181dd8d2bcb" daemon [_thread_blocked, id=15636, stack(0x000000fabd800000,0x000000fabd900000)]
  0x000002507eb5ce60 JavaThread "Bundle File Closer" daemon [_thread_blocked, id=14668, stack(0x000000fabd600000,0x000000fabd700000)]
  0x000002507e9b1950 JavaThread "SCR Component Actor" daemon [_thread_blocked, id=6760, stack(0x000000fabd900000,0x000000fabda00000)]
  0x000002507e7054c0 JavaThread "Worker-JM" [_thread_blocked, id=20208, stack(0x000000fabdb00000,0x000000fabdc00000)]
  0x000002507e704aa0 JavaThread "Java indexing" daemon [_thread_blocked, id=23264, stack(0x000000fabc100000,0x000000fabc200000)]
  0x0000025013a7b550 JavaThread "JNA Cleaner" daemon [_thread_blocked, id=17976, stack(0x000000fabda00000,0x000000fabdb00000)]
  0x0000025013a787c0 JavaThread "pool-2-thread-1" [_thread_blocked, id=15392, stack(0x000000fabe100000,0x000000fabe200000)]
  0x0000025013a7c480 JavaThread "WorkspaceEventsHandler" [_thread_blocked, id=10956, stack(0x000000fabe200000,0x000000fabe300000)]
  0x0000025013a79c00 JavaThread "pool-1-thread-1" [_thread_blocked, id=22868, stack(0x000000fabe300000,0x000000fabe400000)]
  0x0000025013a796f0 JavaThread "pool-3-thread-1" [_thread_in_native, id=1084, stack(0x000000fabe800000,0x000000fabe900000)]
  0x000002507ee7a5a0 JavaThread "Worker-36" [_thread_blocked, id=16480, stack(0x000000fabde00000,0x000000fabdf00000)]
  0x000002507ee7f6a0 JavaThread "Java Debug Server" daemon [_thread_in_native, id=22568, stack(0x000000fabe000000,0x000000fabe100000)]
  0x000002507ee7c400 JavaThread "RxSchedulerPurge-1" daemon [_thread_blocked, id=22304, stack(0x000000fabea00000,0x000000fabeb00000)]
  0x000002507ee7ce20 JavaThread "RxCachedWorkerPoolEvictor-1" daemon [_thread_blocked, id=23752, stack(0x000000fabeb00000,0x000000fabec00000)]
  0x000002507ee78c50 JavaThread "Worker-40" [_thread_blocked, id=856, stack(0x000000fabe700000,0x000000fabe800000)]
  0x0000025013a7e7f0 JavaThread "ForkJoinPool.commonPool-worker-41" daemon [_thread_blocked, id=7212, stack(0x000000fabc200000,0x000000fabc300000)]
  0x0000025013a78cd0 JavaThread "Worker-41" [_thread_blocked, id=11312, stack(0x000000fabdc00000,0x000000fabdd00000)]

Other Threads:
  0x000002507882c540 VMThread "VM Thread" [stack: 0x000000fabc500000,0x000000fabc600000] [id=21380]
  0x000002507e8e9c70 WatcherThread [stack: 0x000000fabd100000,0x000000fabd200000] [id=3332]
  0x00000250787b5c00 GCTaskThread "GC Thread#0" [stack: 0x000000fabc400000,0x000000fabc500000] [id=13360]
  0x000002507ec8a020 GCTaskThread "GC Thread#1" [stack: 0x000000fabd200000,0x000000fabd300000] [id=18908]
=>0x000002507edad750 GCTaskThread "GC Thread#2" [stack: 0x000000fabd300000,0x000000fabd400000] [id=20476]
  0x000002507ec5f020 GCTaskThread "GC Thread#3" [stack: 0x000000fabd400000,0x000000fabd500000] [id=14920]

Threads with active compile tasks:

VM state: at safepoint (normal execution)

VM Mutex/Monitor currently owned by a thread:  ([mutex/lock_event])
[0x000002507879d940] Threads_lock - owner thread: 0x000002507882c540
[0x000002507879e900] Heap_lock - owner thread: 0x0000025013a79c00

Heap address: 0x00000000c0000000, size: 1024 MB, Compressed Oops mode: 32-bit

CDS archive(s) not mapped
Compressed class space mapped at: 0x0000000100000000-0x0000000140000000, reserved size: 1073741824
Narrow klass base: 0x0000000000000000, Narrow klass shift: 3, Narrow klass range: 0x140000000

GC Precious Log:
 CPUs: 4 total, 4 available
 Memory: 8135M
 Large Page Support: Disabled
 NUMA Support: Disabled
 Compressed Oops: Enabled (32-bit)
 Alignments: Space 512K, Generation 512K, Heap 2M
 Heap Min Capacity: 100M
 Heap Initial Capacity: 100M
 Heap Max Capacity: 1G
 Pre-touch: Disabled
 Parallel Workers: 4

Heap:
 PSYoungGen      total 2560K, used 487K [0x00000000eab00000, 0x00000000eb200000, 0x0000000100000000)
  eden space 2048K, 0% used [0x00000000eab00000,0x00000000eab00000,0x00000000ead00000)
  from space 512K, 95% used [0x00000000eaf00000,0x00000000eaf79d08,0x00000000eaf80000)
  to   space 2048K, 0% used [0x00000000ead00000,0x00000000ead00000,0x00000000eaf00000)
 ParOldGen       total 160768K, used 160079K [0x00000000c0000000, 0x00000000c9d00000, 0x00000000eab00000)
  object space 160768K, 99% used [0x00000000c0000000,0x00000000c9c53f98,0x00000000c9d00000)
 Metaspace       used 97697K, committed 99008K, reserved 1179648K
  class space    used 9582K, committed 10176K, reserved 1048576K

Card table byte_map: [0x0000025078050000,0x0000025078260000] _byte_map_base: 0x0000025077a50000

Marking Bits: (ParMarkBitMap*) 0x00007ffdc846d7d0
 Begin Bits: [0x000002507b440000, 0x000002507c440000)
 End Bits:   [0x000002507c440000, 0x000002507d440000)

Polling page: 0x0000025076550000

Metaspace:

Usage:
  Non-class:     86.05 MB used.
      Class:      9.36 MB used.
       Both:     95.41 MB used.

Virtual space:
  Non-class space:      128.00 MB reserved,      86.75 MB ( 68%) committed,  2 nodes.
      Class space:        1.00 GB reserved,       9.94 MB ( <1%) committed,  1 nodes.
             Both:        1.12 GB reserved,      96.69 MB (  8%) committed. 

Chunk freelists:
   Non-Class:  8.36 MB
       Class:  6.10 MB
        Both:  14.47 MB

MaxMetaspaceSize: unlimited
CompressedClassSpaceSize: 1.00 GB
Initial GC threshold: 21.00 MB
Current GC threshold: 160.94 MB
CDS: off
MetaspaceReclaimPolicy: balanced
 - commit_granule_bytes: 65536.
 - commit_granule_words: 8192.
 - virtual_space_node_default_size: 8388608.
 - enlarge_chunks_in_place: 1.
 - new_chunks_are_fully_committed: 0.
 - uncommit_free_chunks: 1.
 - use_allocation_guard: 0.
 - handle_deallocations: 1.


Internal statistics:

num_allocs_failed_limit: 6.
num_arena_births: 1214.
num_arena_deaths: 490.
num_vsnodes_births: 3.
num_vsnodes_deaths: 0.
num_space_committed: 1547.
num_space_uncommitted: 0.
num_chunks_returned_to_freelist: 570.
num_chunks_taken_from_freelist: 5499.
num_chunk_merges: 211.
num_chunk_splits: 3260.
num_chunks_enlarged: 1907.
num_inconsistent_stats: 0.

CodeHeap 'non-profiled nmethods': size=120000Kb used=28355Kb max_used=28720Kb free=91644Kb
 bounds [0x0000025007ad0000, 0x00000250096f0000, 0x000002500f000000]
CodeHeap 'profiled nmethods': size=120000Kb used=41938Kb max_used=42472Kb free=78062Kb
 bounds [0x0000025000000000, 0x00000250029c0000, 0x0000025007530000]
CodeHeap 'non-nmethods': size=5760Kb used=1448Kb max_used=1531Kb free=4311Kb
 bounds [0x0000025007530000, 0x00000250077a0000, 0x0000025007ad0000]
 total_blobs=21004 nmethods=20202 adapters=709
 compilation: enabled
              stopped_count=0, restarted_count=0
 full_count=0

Compilation events (20 events):
Event: 21647.548 Thread 0x000002507e652be0 29573       3       org.eclipse.core.internal.resources.SaveManager$1::<init> (38 bytes)
Event: 21647.549 Thread 0x000002507e652be0 nmethod 29573 0x0000025001493110 code [0x00000250014932a0, 0x0000025001493478]
Event: 21647.549 Thread 0x000002507e652be0 29575       3       com.sun.org.apache.xerces.internal.parsers.XML11Configuration::addComponent (31 bytes)
Event: 21647.549 Thread 0x000002507e652be0 nmethod 29575 0x0000025001467890 code [0x0000025001467a60, 0x0000025001467e28]
Event: 21647.549 Thread 0x000002507e652be0 29574       3       org.eclipse.core.internal.resources.SaveManager$1::run (20 bytes)
Event: 21647.549 Thread 0x000002507e652be0 nmethod 29574 0x0000025000ffe910 code [0x0000025000ffeac0, 0x0000025000ffec28]
Event: 21647.550 Thread 0x000002507e652be0 29576       3       java.util.Properties::get (9 bytes)
Event: 21647.550 Thread 0x000002507e652be0 nmethod 29576 0x0000025001214d90 code [0x0000025001214f40, 0x00000250012150a8]
Event: 21647.550 Thread 0x000002507e652be0 29577       3       org.xml.sax.helpers.AttributesImpl::clear (38 bytes)
Event: 21647.550 Thread 0x000002507e652be0 nmethod 29577 0x000002500139a990 code [0x000002500139ab40, 0x000002500139ae98]
Event: 21647.556 Thread 0x000002507d60e210 29578       4       java.io.File::getAbsolutePath (8 bytes)
Event: 21647.556 Thread 0x000002507d60e210 nmethod 29578 0x0000025009340990 code [0x0000025009340b20, 0x0000025009340bc8]
Event: 21683.015 Thread 0x000002507d60e210 29579       4       java.util.concurrent.locks.AbstractQueuedSynchronizer$Node::clearStatus (12 bytes)
Event: 21683.015 Thread 0x000002507d60e210 nmethod 29579 0x00000250088fb810 code [0x00000250088fb980, 0x00000250088fb9f8]
Event: 21818.438 Thread 0x000002507d60e210 29580       4       org.eclipse.jdt.internal.compiler.ClassFile::generateRecordAttributes (244 bytes)
Event: 21818.439 Thread 0x000002507d60e210 nmethod 29580 0x00000250088fb510 code [0x00000250088fb680, 0x00000250088fb738]
Event: 21902.009 Thread 0x000002507d60e210 29581       4       java.util.concurrent.locks.AbstractQueuedSynchronizer$Node::getAndUnsetStatus (14 bytes)
Event: 21902.010 Thread 0x000002507d60e210 nmethod 29581 0x000002500949a190 code [0x000002500949a300, 0x000002500949a3b8]
Event: 22089.007 Thread 0x000002507d60e210 29582       4       java.util.concurrent.locks.AbstractQueuedSynchronizer::acquire (20 bytes)
Event: 22089.009 Thread 0x000002507d60e210 nmethod 29582 0x0000025009499d90 code [0x0000025009499f20, 0x000002500949a068]

GC Heap History (20 events):
Event: 21818.424 GC heap after
{Heap after GC invocations=10145 (full 166):
 PSYoungGen      total 3072K, used 272K [0x00000000eab00000, 0x00000000eb000000, 0x0000000100000000)
  eden space 2560K, 0% used [0x00000000eab00000,0x00000000eab00000,0x00000000ead80000)
  from space 512K, 53% used [0x00000000eaf00000,0x00000000eaf44030,0x00000000eaf80000)
  to   space 512K, 0% used [0x00000000eaf80000,0x00000000eaf80000,0x00000000eb000000)
 ParOldGen       total 160768K, used 157304K [0x00000000c0000000, 0x00000000c9d00000, 0x00000000eab00000)
  object space 160768K, 97% used [0x00000000c0000000,0x00000000c999e248,0x00000000c9d00000)
 Metaspace       used 97697K, committed 99008K, reserved 1179648K
  class space    used 9582K, committed 10176K, reserved 1048576K
}
Event: 21818.439 GC heap before
{Heap before GC invocations=10146 (full 166):
 PSYoungGen      total 3072K, used 2832K [0x00000000eab00000, 0x00000000eb000000, 0x0000000100000000)
  eden space 2560K, 100% used [0x00000000eab00000,0x00000000ead80000,0x00000000ead80000)
  from space 512K, 53% used [0x00000000eaf00000,0x00000000eaf44030,0x00000000eaf80000)
  to   space 512K, 0% used [0x00000000eaf80000,0x00000000eaf80000,0x00000000eb000000)
 ParOldGen       total 160768K, used 157304K [0x00000000c0000000, 0x00000000c9d00000, 0x00000000eab00000)
  object space 160768K, 97% used [0x00000000c0000000,0x00000000c999e248,0x00000000c9d00000)
 Metaspace       used 97697K, committed 99008K, reserved 1179648K
  class space    used 9582K, committed 10176K, reserved 1048576K
}
Event: 21818.442 GC heap after
{Heap after GC invocations=10146 (full 166):
 PSYoungGen      total 3072K, used 512K [0x00000000eab00000, 0x00000000eb080000, 0x0000000100000000)
  eden space 2560K, 0% used [0x00000000eab00000,0x00000000eab00000,0x00000000ead80000)
  from space 512K, 100% used [0x00000000eaf80000,0x00000000eb000000,0x00000000eb000000)
  to   space 1536K, 0% used [0x00000000ead80000,0x00000000ead80000,0x00000000eaf00000)
 ParOldGen       total 160768K, used 158012K [0x00000000c0000000, 0x00000000c9d00000, 0x00000000eab00000)
  object space 160768K, 98% used [0x00000000c0000000,0x00000000c9a4f018,0x00000000c9d00000)
 Metaspace       used 97697K, committed 99008K, reserved 1179648K
  class space    used 9582K, committed 10176K, reserved 1048576K
}
Event: 21818.448 GC heap before
{Heap before GC invocations=10147 (full 166):
 PSYoungGen      total 3072K, used 3072K [0x00000000eab00000, 0x00000000eb080000, 0x0000000100000000)
  eden space 2560K, 100% used [0x00000000eab00000,0x00000000ead80000,0x00000000ead80000)
  from space 512K, 100% used [0x00000000eaf80000,0x00000000eb000000,0x00000000eb000000)
  to   space 1536K, 0% used [0x00000000ead80000,0x00000000ead80000,0x00000000eaf00000)
 ParOldGen       total 160768K, used 158012K [0x00000000c0000000, 0x00000000c9d00000, 0x00000000eab00000)
  object space 160768K, 98% used [0x00000000c0000000,0x00000000c9a4f018,0x00000000c9d00000)
 Metaspace       used 97697K, committed 99008K, reserved 1179648K
  class space    used 9582K, committed 10176K, reserved 1048576K
}
Event: 21818.450 GC heap after
{Heap after GC invocations=10147 (full 166):
 PSYoungGen      total 4096K, used 160K [0x00000000eab00000, 0x00000000eb000000, 0x0000000100000000)
  eden space 2560K, 0% used [0x00000000eab00000,0x00000000eab00000,0x00000000ead80000)
  from space 1536K, 10% used [0x00000000ead80000,0x00000000eada8000,0x00000000eaf00000)
  to   space 1024K, 0% used [0x00000000eaf00000,0x00000000eaf00000,0x00000000eb000000)
 ParOldGen       total 160768K, used 158552K [0x00000000c0000000, 0x00000000c9d00000, 0x00000000eab00000)
  object space 160768K, 98% used [0x00000000c0000000,0x00000000c9ad6290,0x00000000c9d00000)
 Metaspace       used 97697K, committed 99008K, reserved 1179648K
  class space    used 9582K, committed 10176K, reserved 1048576K
}
Event: 21818.461 GC heap before
{Heap before GC invocations=10148 (full 166):
 PSYoungGen      total 4096K, used 2720K [0x00000000eab00000, 0x00000000eb000000, 0x0000000100000000)
  eden space 2560K, 100% used [0x00000000eab00000,0x00000000ead80000,0x00000000ead80000)
  from space 1536K, 10% used [0x00000000ead80000,0x00000000eada8000,0x00000000eaf00000)
  to   space 1024K, 0% used [0x00000000eaf00000,0x00000000eaf00000,0x00000000eb000000)
 ParOldGen       total 160768K, used 158552K [0x00000000c0000000, 0x00000000c9d00000, 0x00000000eab00000)
  object space 160768K, 98% used [0x00000000c0000000,0x00000000c9ad6290,0x00000000c9d00000)
 Metaspace       used 97697K, committed 99008K, reserved 1179648K
  class space    used 9582K, committed 10176K, reserved 1048576K
}
Event: 21818.463 GC heap after
{Heap after GC invocations=10148 (full 166):
 PSYoungGen      total 3072K, used 128K [0x00000000eab00000, 0x00000000eaf80000, 0x0000000100000000)
  eden space 2560K, 0% used [0x00000000eab00000,0x00000000eab00000,0x00000000ead80000)
  from space 512K, 25% used [0x00000000eaf00000,0x00000000eaf20000,0x00000000eaf80000)
  to   space 512K, 0% used [0x00000000eae80000,0x00000000eae80000,0x00000000eaf00000)
 ParOldGen       total 160768K, used 158656K [0x00000000c0000000, 0x00000000c9d00000, 0x00000000eab00000)
  object space 160768K, 98% used [0x00000000c0000000,0x00000000c9af0290,0x00000000c9d00000)
 Metaspace       used 97697K, committed 99008K, reserved 1179648K
  class space    used 9582K, committed 10176K, reserved 1048576K
}
Event: 21818.473 GC heap before
{Heap before GC invocations=10149 (full 166):
 PSYoungGen      total 3072K, used 2688K [0x00000000eab00000, 0x00000000eaf80000, 0x0000000100000000)
  eden space 2560K, 100% used [0x00000000eab00000,0x00000000ead80000,0x00000000ead80000)
  from space 512K, 25% used [0x00000000eaf00000,0x00000000eaf20000,0x00000000eaf80000)
  to   space 512K, 0% used [0x00000000eae80000,0x00000000eae80000,0x00000000eaf00000)
 ParOldGen       total 160768K, used 158656K [0x00000000c0000000, 0x00000000c9d00000, 0x00000000eab00000)
  object space 160768K, 98% used [0x00000000c0000000,0x00000000c9af0290,0x00000000c9d00000)
 Metaspace       used 97697K, committed 99008K, reserved 1179648K
  class space    used 9582K, committed 10176K, reserved 1048576K
}
Event: 21818.474 GC heap after
{Heap after GC invocations=10149 (full 166):
 PSYoungGen      total 3072K, used 128K [0x00000000eab00000, 0x00000000eaf80000, 0x0000000100000000)
  eden space 2560K, 0% used [0x00000000eab00000,0x00000000eab00000,0x00000000ead80000)
  from space 512K, 25% used [0x00000000eae80000,0x00000000eaea0000,0x00000000eaf00000)
  to   space 512K, 0% used [0x00000000eaf00000,0x00000000eaf00000,0x00000000eaf80000)
 ParOldGen       total 160768K, used 158680K [0x00000000c0000000, 0x00000000c9d00000, 0x00000000eab00000)
  object space 160768K, 98% used [0x00000000c0000000,0x00000000c9af6290,0x00000000c9d00000)
 Metaspace       used 97697K, committed 99008K, reserved 1179648K
  class space    used 9582K, committed 10176K, reserved 1048576K
}
Event: 21818.483 GC heap before
{Heap before GC invocations=10150 (full 166):
 PSYoungGen      total 3072K, used 2688K [0x00000000eab00000, 0x00000000eaf80000, 0x0000000100000000)
  eden space 2560K, 100% used [0x00000000eab00000,0x00000000ead80000,0x00000000ead80000)
  from space 512K, 25% used [0x00000000eae80000,0x00000000eaea0000,0x00000000eaf00000)
  to   space 512K, 0% used [0x00000000eaf00000,0x00000000eaf00000,0x00000000eaf80000)
 ParOldGen       total 160768K, used 158680K [0x00000000c0000000, 0x00000000c9d00000, 0x00000000eab00000)
  object space 160768K, 98% used [0x00000000c0000000,0x00000000c9af6290,0x00000000c9d00000)
 Metaspace       used 97697K, committed 99008K, reserved 1179648K
  class space    used 9582K, committed 10176K, reserved 1048576K
}
Event: 21818.485 GC heap after
{Heap after GC invocations=10150 (full 166):
 PSYoungGen      total 3072K, used 192K [0x00000000eab00000, 0x00000000eaf80000, 0x0000000100000000)
  eden space 2560K, 0% used [0x00000000eab00000,0x00000000eab00000,0x00000000ead80000)
  from space 512K, 37% used [0x00000000eaf00000,0x00000000eaf30000,0x00000000eaf80000)
  to   space 512K, 0% used [0x00000000eae80000,0x00000000eae80000,0x00000000eaf00000)
 ParOldGen       total 160768K, used 158704K [0x00000000c0000000, 0x00000000c9d00000, 0x00000000eab00000)
  object space 160768K, 98% used [0x00000000c0000000,0x00000000c9afc290,0x00000000c9d00000)
 Metaspace       used 97697K, committed 99008K, reserved 1179648K
  class space    used 9582K, committed 10176K, reserved 1048576K
}
Event: 21818.496 GC heap before
{Heap before GC invocations=10151 (full 166):
 PSYoungGen      total 3072K, used 2752K [0x00000000eab00000, 0x00000000eaf80000, 0x0000000100000000)
  eden space 2560K, 100% used [0x00000000eab00000,0x00000000ead80000,0x00000000ead80000)
  from space 512K, 37% used [0x00000000eaf00000,0x00000000eaf30000,0x00000000eaf80000)
  to   space 512K, 0% used [0x00000000eae80000,0x00000000eae80000,0x00000000eaf00000)
 ParOldGen       total 160768K, used 158704K [0x00000000c0000000, 0x00000000c9d00000, 0x00000000eab00000)
  object space 160768K, 98% used [0x00000000c0000000,0x00000000c9afc290,0x00000000c9d00000)
 Metaspace       used 97697K, committed 99008K, reserved 1179648K
  class space    used 9582K, committed 10176K, reserved 1048576K
}
Event: 21818.498 GC heap after
{Heap after GC invocations=10151 (full 166):
 PSYoungGen      total 3072K, used 128K [0x00000000eab00000, 0x00000000eaf80000, 0x0000000100000000)
  eden space 2560K, 0% used [0x00000000eab00000,0x00000000eab00000,0x00000000ead80000)
  from space 512K, 25% used [0x00000000eae80000,0x00000000eaea0000,0x00000000eaf00000)
  to   space 512K, 0% used [0x00000000eaf00000,0x00000000eaf00000,0x00000000eaf80000)
 ParOldGen       total 160768K, used 158800K [0x00000000c0000000, 0x00000000c9d00000, 0x00000000eab00000)
  object space 160768K, 98% used [0x00000000c0000000,0x00000000c9b14290,0x00000000c9d00000)
 Metaspace       used 97697K, committed 99008K, reserved 1179648K
  class space    used 9582K, committed 10176K, reserved 1048576K
}
Event: 21818.510 GC heap before
{Heap before GC invocations=10152 (full 166):
 PSYoungGen      total 3072K, used 2688K [0x00000000eab00000, 0x00000000eaf80000, 0x0000000100000000)
  eden space 2560K, 100% used [0x00000000eab00000,0x00000000ead80000,0x00000000ead80000)
  from space 512K, 25% used [0x00000000eae80000,0x00000000eaea0000,0x00000000eaf00000)
  to   space 512K, 0% used [0x00000000eaf00000,0x00000000eaf00000,0x00000000eaf80000)
 ParOldGen       total 160768K, used 158800K [0x00000000c0000000, 0x00000000c9d00000, 0x00000000eab00000)
  object space 160768K, 98% used [0x00000000c0000000,0x00000000c9b14290,0x00000000c9d00000)
 Metaspace       used 97697K, committed 99008K, reserved 1179648K
  class space    used 9582K, committed 10176K, reserved 1048576K
}
Event: 21818.514 GC heap after
{Heap after GC invocations=10152 (full 166):
 PSYoungGen      total 3584K, used 128K [0x00000000eab00000, 0x00000000eaf80000, 0x0000000100000000)
  eden space 3072K, 0% used [0x00000000eab00000,0x00000000eab00000,0x00000000eae00000)
  from space 512K, 25% used [0x00000000eaf00000,0x00000000eaf20000,0x00000000eaf80000)
  to   space 512K, 0% used [0x00000000eae80000,0x00000000eae80000,0x00000000eaf00000)
 ParOldGen       total 160768K, used 158824K [0x00000000c0000000, 0x00000000c9d00000, 0x00000000eab00000)
  object space 160768K, 98% used [0x00000000c0000000,0x00000000c9b1a290,0x00000000c9d00000)
 Metaspace       used 97697K, committed 99008K, reserved 1179648K
  class space    used 9582K, committed 10176K, reserved 1048576K
}
Event: 22134.091 GC heap before
{Heap before GC invocations=10153 (full 166):
 PSYoungGen      total 3584K, used 3200K [0x00000000eab00000, 0x00000000eaf80000, 0x0000000100000000)
  eden space 3072K, 100% used [0x00000000eab00000,0x00000000eae00000,0x00000000eae00000)
  from space 512K, 25% used [0x00000000eaf00000,0x00000000eaf20000,0x00000000eaf80000)
  to   space 512K, 0% used [0x00000000eae80000,0x00000000eae80000,0x00000000eaf00000)
 ParOldGen       total 160768K, used 158824K [0x00000000c0000000, 0x00000000c9d00000, 0x00000000eab00000)
  object space 160768K, 98% used [0x00000000c0000000,0x00000000c9b1a290,0x00000000c9d00000)
 Metaspace       used 97697K, committed 99008K, reserved 1179648K
  class space    used 9582K, committed 10176K, reserved 1048576K
}
Event: 22134.093 GC heap after
{Heap after GC invocations=10153 (full 166):
 PSYoungGen      total 3584K, used 128K [0x00000000eab00000, 0x00000000eaf80000, 0x0000000100000000)
  eden space 3072K, 0% used [0x00000000eab00000,0x00000000eab00000,0x00000000eae00000)
  from space 512K, 25% used [0x00000000eae80000,0x00000000eaea0000,0x00000000eaf00000)
  to   space 512K, 0% used [0x00000000eaf00000,0x00000000eaf00000,0x00000000eaf80000)
 ParOldGen       total 160768K, used 158840K [0x00000000c0000000, 0x00000000c9d00000, 0x00000000eab00000)
  object space 160768K, 98% used [0x00000000c0000000,0x00000000c9b1e290,0x00000000c9d00000)
 Metaspace       used 97697K, committed 99008K, reserved 1179648K
  class space    used 9582K, committed 10176K, reserved 1048576K
}
Event: 22138.389 GC heap before
{Heap before GC invocations=10154 (full 166):
 PSYoungGen      total 3584K, used 3200K [0x00000000eab00000, 0x00000000eaf80000, 0x0000000100000000)
  eden space 3072K, 100% used [0x00000000eab00000,0x00000000eae00000,0x00000000eae00000)
  from space 512K, 25% used [0x00000000eae80000,0x00000000eaea0000,0x00000000eaf00000)
  to   space 512K, 0% used [0x00000000eaf00000,0x00000000eaf00000,0x00000000eaf80000)
 ParOldGen       total 160768K, used 158840K [0x00000000c0000000, 0x00000000c9d00000, 0x00000000eab00000)
  object space 160768K, 98% used [0x00000000c0000000,0x00000000c9b1e290,0x00000000c9d00000)
 Metaspace       used 97697K, committed 99008K, reserved 1179648K
  class space    used 9582K, committed 10176K, reserved 1048576K
}
Event: 22138.393 GC heap after
{Heap after GC invocations=10154 (full 166):
 PSYoungGen      total 2560K, used 487K [0x00000000eab00000, 0x00000000eb200000, 0x0000000100000000)
  eden space 2048K, 0% used [0x00000000eab00000,0x00000000eab00000,0x00000000ead00000)
  from space 512K, 95% used [0x00000000eaf00000,0x00000000eaf79d08,0x00000000eaf80000)
  to   space 2048K, 0% used [0x00000000ead00000,0x00000000ead00000,0x00000000eaf00000)
 ParOldGen       total 160768K, used 160079K [0x00000000c0000000, 0x00000000c9d00000, 0x00000000eab00000)
  object space 160768K, 99% used [0x00000000c0000000,0x00000000c9c53f98,0x00000000c9d00000)
 Metaspace       used 97697K, committed 99008K, reserved 1179648K
  class space    used 9582K, committed 10176K, reserved 1048576K
}
Event: 22138.393 GC heap before
{Heap before GC invocations=10155 (full 167):
 PSYoungGen      total 2560K, used 487K [0x00000000eab00000, 0x00000000eb200000, 0x0000000100000000)
  eden space 2048K, 0% used [0x00000000eab00000,0x00000000eab00000,0x00000000ead00000)
  from space 512K, 95% used [0x00000000eaf00000,0x00000000eaf79d08,0x00000000eaf80000)
  to   space 2048K, 0% used [0x00000000ead00000,0x00000000ead00000,0x00000000eaf00000)
 ParOldGen       total 160768K, used 160079K [0x00000000c0000000, 0x00000000c9d00000, 0x00000000eab00000)
  object space 160768K, 99% used [0x00000000c0000000,0x00000000c9c53f98,0x00000000c9d00000)
 Metaspace       used 97697K, committed 99008K, reserved 1179648K
  class space    used 9582K, committed 10176K, reserved 1048576K
}

Dll operation events (12 events):
Event: 0.068 Loaded shared library c:\Users\User\.vscode\extensions\redhat.java-1.28.1-win32-x64\jre\17.0.10-win32-x86_64\bin\java.dll
Event: 0.738 Loaded shared library c:\Users\User\.vscode\extensions\redhat.java-1.28.1-win32-x64\jre\17.0.10-win32-x86_64\bin\zip.dll
Event: 0.753 Loaded shared library C:\Users\User\.vscode\extensions\redhat.java-1.28.1-win32-x64\jre\17.0.10-win32-x86_64\bin\instrument.dll
Event: 0.781 Loaded shared library C:\Users\User\.vscode\extensions\redhat.java-1.28.1-win32-x64\jre\17.0.10-win32-x86_64\bin\net.dll
Event: 0.786 Loaded shared library C:\Users\User\.vscode\extensions\redhat.java-1.28.1-win32-x64\jre\17.0.10-win32-x86_64\bin\nio.dll
Event: 0.835 Loaded shared library C:\Users\User\.vscode\extensions\redhat.java-1.28.1-win32-x64\jre\17.0.10-win32-x86_64\bin\zip.dll
Event: 0.891 Loaded shared library C:\Users\User\.vscode\extensions\redhat.java-1.28.1-win32-x64\jre\17.0.10-win32-x86_64\bin\jimage.dll
Event: 1.143 Loaded shared library c:\Users\User\.vscode\extensions\redhat.java-1.28.1-win32-x64\jre\17.0.10-win32-x86_64\bin\verify.dll
Event: 20.007 Loaded shared library C:\Users\User\AppData\Roaming\Code\User\globalStorage\redhat.java\1.28.1\config_win\org.eclipse.equinox.launcher\org.eclipse.equinox.launcher.win32.win32.x86_64_1.2.900.v20240129-1338\eclipse_11900.dll
Event: 63.179 Loaded shared library C:\Users\User\AppData\Local\Temp\jna-2645995\jna11596656668521471188.dll
Event: 66.412 Loaded shared library C:\Users\User\.vscode\extensions\redhat.java-1.28.1-win32-x64\jre\17.0.10-win32-x86_64\bin\sunmscapi.dll
Event: 66.739 Loaded shared library C:\Users\User\.vscode\extensions\redhat.java-1.28.1-win32-x64\jre\17.0.10-win32-x86_64\bin\extnet.dll

Deoptimization events (20 events):
Event: 21369.403 Thread 0x000002507ee7fbb0 Uncommon trap: trap_request=0xffffff45 fr.pc=0x0000025008667ffc relative=0x00000000000005dc
Event: 21369.403 Thread 0x000002507ee7fbb0 Uncommon trap: reason=unstable_if action=reinterpret pc=0x0000025008667ffc method=org.eclipse.jdt.internal.compiler.ClassFile.addAttributes()V @ 105 c2
Event: 21369.403 Thread 0x000002507ee7fbb0 DEOPT PACKING pc=0x0000025008667ffc sp=0x000000fabdffe610
Event: 21369.403 Thread 0x000002507ee7fbb0 DEOPT UNPACKING pc=0x00000250075866a3 sp=0x000000fabdffe5e8 mode 2
Event: 21398.575 Thread 0x000002507ee7b9e0 DEOPT PACKING pc=0x00000250019375a9 sp=0x000000fabe4fee30
Event: 21398.575 Thread 0x000002507ee7b9e0 DEOPT UNPACKING pc=0x0000025007586e43 sp=0x000000fabe4fe2b8 mode 0
Event: 21443.361 Thread 0x000002507e704aa0 DEOPT PACKING pc=0x0000025000ebfe92 sp=0x000000fabc1feaa0
Event: 21443.361 Thread 0x000002507e704aa0 DEOPT UNPACKING pc=0x0000025007586e43 sp=0x000000fabc1fdfa8 mode 0
Event: 21451.943 Thread 0x000002507ee7f190 DEOPT PACKING pc=0x0000025001cc1d53 sp=0x000000fabddfe6a0
Event: 21451.943 Thread 0x000002507ee7f190 DEOPT UNPACKING pc=0x0000025007586e43 sp=0x000000fabddfdb68 mode 0
Event: 21462.314 Thread 0x000002507ee7f190 DEOPT PACKING pc=0x00000250028edde8 sp=0x000000fabddfe0b0
Event: 21462.314 Thread 0x000002507ee7f190 DEOPT UNPACKING pc=0x0000025007586e43 sp=0x000000fabddfd5b0 mode 0
Event: 21482.278 Thread 0x000002507ee79b80 DEOPT PACKING pc=0x000002500287b09c sp=0x000000fabe9fe000
Event: 21482.278 Thread 0x000002507ee79b80 DEOPT UNPACKING pc=0x0000025007586e43 sp=0x000000fabe9fd520 mode 0
Event: 21496.048 Thread 0x000002507ee7e260 Uncommon trap: trap_request=0xffffff45 fr.pc=0x00000250096c7a70 relative=0x0000000000001530
Event: 21496.048 Thread 0x000002507ee7e260 Uncommon trap: reason=unstable_if action=reinterpret pc=0x00000250096c7a70 method=org.eclipse.core.internal.jobs.JobQueue.canOvertake(Lorg/eclipse/core/internal/jobs/InternalJob;Lorg/eclipse/core/internal/jobs/InternalJob;)Z @ 54 c2
Event: 21496.048 Thread 0x000002507ee7e260 DEOPT PACKING pc=0x00000250096c7a70 sp=0x000000fabdcfee50
Event: 21496.048 Thread 0x000002507ee7e260 DEOPT UNPACKING pc=0x00000250075866a3 sp=0x000000fabdcfed20 mode 2
Event: 21497.014 Thread 0x000002507e704aa0 DEOPT PACKING pc=0x00000250017b6d63 sp=0x000000fabc1feec0
Event: 21497.014 Thread 0x000002507e704aa0 DEOPT UNPACKING pc=0x0000025007586e43 sp=0x000000fabc1fe430 mode 0

Classes unloaded (20 events):
Event: 21310.201 Thread 0x000002507882c540 Unloading class 0x000000010094f400 'java/lang/invoke/LambdaForm$MH+0x000000010094f400'
Event: 21310.201 Thread 0x000002507882c540 Unloading class 0x000000010094f000 'java/lang/invoke/LambdaForm$MH+0x000000010094f000'
Event: 21310.201 Thread 0x000002507882c540 Unloading class 0x00000001008a9c00 'java/lang/invoke/LambdaForm$MH+0x00000001008a9c00'
Event: 21310.201 Thread 0x000002507882c540 Unloading class 0x00000001008a9800 'java/lang/invoke/LambdaForm$MH+0x00000001008a9800'
Event: 21310.201 Thread 0x000002507882c540 Unloading class 0x00000001008a9400 'java/lang/invoke/LambdaForm$MH+0x00000001008a9400'
Event: 21310.201 Thread 0x000002507882c540 Unloading class 0x000000010094d800 'java/lang/invoke/LambdaForm$MH+0x000000010094d800'
Event: 21310.201 Thread 0x000002507882c540 Unloading class 0x000000010094ac00 'java/lang/invoke/LambdaForm$MH+0x000000010094ac00'
Event: 21310.201 Thread 0x000002507882c540 Unloading class 0x000000010094e400 'java/lang/invoke/LambdaForm$MH+0x000000010094e400'
Event: 21428.004 Thread 0x000002507882c540 Unloading class 0x00000001008f8400 'java/lang/invoke/LambdaForm$MH+0x00000001008f8400'
Event: 21428.004 Thread 0x000002507882c540 Unloading class 0x00000001008f8000 'java/lang/invoke/LambdaForm$MH+0x00000001008f8000'
Event: 21428.004 Thread 0x000002507882c540 Unloading class 0x00000001008a8c00 'java/lang/invoke/LambdaForm$MH+0x00000001008a8c00'
Event: 21428.004 Thread 0x000002507882c540 Unloading class 0x00000001008a8800 'java/lang/invoke/LambdaForm$MH+0x00000001008a8800'
Event: 21428.004 Thread 0x000002507882c540 Unloading class 0x00000001008fac00 'java/lang/invoke/LambdaForm$MH+0x00000001008fac00'
Event: 21428.004 Thread 0x000002507882c540 Unloading class 0x00000001004b4800 'java/lang/invoke/LambdaForm$MH+0x00000001004b4800'
Event: 21428.004 Thread 0x000002507882c540 Unloading class 0x0000000100279000 'java/lang/invoke/LambdaForm$MH+0x0000000100279000'
Event: 21495.910 Thread 0x000002507882c540 Unloading class 0x00000001008fa800 'jdk/internal/reflect/GeneratedConstructorAccessor82'
Event: 21495.910 Thread 0x000002507882c540 Unloading class 0x0000000100900400 'jdk/internal/reflect/GeneratedConstructorAccessor81'
Event: 21495.910 Thread 0x000002507882c540 Unloading class 0x0000000100900000 'jdk/internal/reflect/GeneratedConstructorAccessor80'
Event: 21495.910 Thread 0x000002507882c540 Unloading class 0x000000010094a400 'jdk/internal/reflect/GeneratedConstructorAccessor79'
Event: 21495.910 Thread 0x000002507882c540 Unloading class 0x0000000100960000 'jdk/internal/reflect/GeneratedConstructorAccessor58'

Classes redefined (0 events):
No events

Internal exceptions (20 events):
Event: 21445.851 Thread 0x0000025013a78cd0 Exception <a 'sun/nio/fs/WindowsException'{0x00000000ead6c9e8}> (0x00000000ead6c9e8) 
thrown [s\src\hotspot\share\prims\jni.cpp, line 516]
Event: 21445.851 Thread 0x0000025013a78cd0 Exception <a 'sun/nio/fs/WindowsException'{0x00000000ead6ccb8}> (0x00000000ead6ccb8) 
thrown [s\src\hotspot\share\prims\jni.cpp, line 516]
Event: 21445.851 Thread 0x0000025013a78cd0 Exception <a 'sun/nio/fs/WindowsException'{0x00000000ead6d618}> (0x00000000ead6d618) 
thrown [s\src\hotspot\share\prims\jni.cpp, line 516]
Event: 21445.851 Thread 0x0000025013a78cd0 Exception <a 'sun/nio/fs/WindowsException'{0x00000000ead6d8e8}> (0x00000000ead6d8e8) 
thrown [s\src\hotspot\share\prims\jni.cpp, line 516]
Event: 21451.005 Thread 0x000002507e704aa0 Exception <a 'sun/nio/fs/WindowsException'{0x00000000eac5fd98}> (0x00000000eac5fd98) 
thrown [s\src\hotspot\share\prims\jni.cpp, line 516]
Event: 21451.683 Thread 0x000002507e704aa0 Exception <a 'sun/nio/fs/WindowsException'{0x00000000eab086a8}> (0x00000000eab086a8) 
thrown [s\src\hotspot\share\prims\jni.cpp, line 516]
Event: 21462.332 Thread 0x000002507ee7f190 Exception <a 'java/lang/ClassNotFoundException'{0x00000000eab9abe8}: sun/net/www/protocol/jdt/Handler> (0x00000000eab9abe8) 
thrown [s\src\hotspot\share\classfile\systemDictionary.cpp, line 256]
Event: 21462.332 Thread 0x000002507ee7f190 Exception <a 'java/lang/ClassNotFoundException'{0x00000000eab9d5f8}: sun/net/www/protocol/jdt/Handler> (0x00000000eab9d5f8) 
thrown [s\src\hotspot\share\classfile\systemDictionary.cpp, line 256]
Event: 21462.332 Thread 0x000002507ee7f190 Exception <a 'java/lang/ClassNotFoundException'{0x00000000eab9fd38}: sun/net/www/protocol/jdt/Handler> (0x00000000eab9fd38) 
thrown [s\src\hotspot\share\classfile\systemDictionary.cpp, line 256]
Event: 21465.929 Thread 0x000002507ee7f190 Exception <a 'java/lang/ClassNotFoundException'{0x00000000ead048a0}: sun/net/www/protocol/jdt/Handler> (0x00000000ead048a0) 
thrown [s\src\hotspot\share\classfile\systemDictionary.cpp, line 256]
Event: 21465.929 Thread 0x000002507ee7f190 Exception <a 'java/lang/ClassNotFoundException'{0x00000000ead06fe0}: sun/net/www/protocol/jdt/Handler> (0x00000000ead06fe0) 
thrown [s\src\hotspot\share\classfile\systemDictionary.cpp, line 256]
Event: 21482.383 Thread 0x000002507ee7b9e0 Exception <a 'java/lang/ClassNotFoundException'{0x00000000eac61e20}: sun/net/www/protocol/jdt/Handler> (0x00000000eac61e20) 
thrown [s\src\hotspot\share\classfile\systemDictionary.cpp, line 256]
Event: 21482.383 Thread 0x000002507ee7b9e0 Exception <a 'java/lang/ClassNotFoundException'{0x00000000eac64258}: sun/net/www/protocol/jdt/Handler> (0x00000000eac64258) 
thrown [s\src\hotspot\share\classfile\systemDictionary.cpp, line 256]
Event: 21491.980 Thread 0x000002507ee7b9e0 Exception <a 'java/lang/ClassNotFoundException'{0x00000000ead762b8}: sun/net/www/protocol/eclipse-javadoc/Handler> (0x00000000ead762b8) 
thrown [s\src\hotspot\share\classfile\systemDictionary.cpp, line 256]
Event: 21491.980 Thread 0x000002507ee7b9e0 Exception <a 'java/lang/ClassNotFoundException'{0x00000000ead78630}: sun/net/www/protocol/eclipse-javadoc/Handler> (0x00000000ead78630) 
thrown [s\src\hotspot\share\classfile\systemDictionary.cpp, line 256]
Event: 21491.980 Thread 0x000002507ee7b9e0 Exception <a 'java/lang/ClassNotFoundException'{0x00000000ead7bdc8}: sun/net/www/protocol/jdt/Handler> (0x00000000ead7bdc8) 
thrown [s\src\hotspot\share\classfile\systemDictionary.cpp, line 256]
Event: 21491.980 Thread 0x000002507ee7b9e0 Exception <a 'java/lang/ClassNotFoundException'{0x00000000ead7e228}: sun/net/www/protocol/jdt/Handler> (0x00000000ead7e228) 
thrown [s\src\hotspot\share\classfile\systemDictionary.cpp, line 256]
Event: 21495.782 Thread 0x000002507e704aa0 Exception <a 'sun/nio/fs/WindowsException'{0x00000000eac33ff8}> (0x00000000eac33ff8) 
thrown [s\src\hotspot\share\prims\jni.cpp, line 516]
Event: 21497.008 Thread 0x000002507e704aa0 Exception <a 'sun/nio/fs/WindowsException'{0x00000000eac028e0}> (0x00000000eac028e0) 
thrown [s\src\hotspot\share\prims\jni.cpp, line 516]
Event: 22138.381 Thread 0x000002507e704aa0 Exception <a 'sun/nio/fs/WindowsException'{0x00000000eac1b2b8}> (0x00000000eac1b2b8) 
thrown [s\src\hotspot\share\prims\jni.cpp, line 516]

VM Operations (20 events):
Event: 21818.450 Executing VM operation: ParallelGCFailedAllocation done
Event: 21818.461 Executing VM operation: ParallelGCFailedAllocation
Event: 21818.463 Executing VM operation: ParallelGCFailedAllocation done
Event: 21818.473 Executing VM operation: ParallelGCFailedAllocation
Event: 21818.474 Executing VM operation: ParallelGCFailedAllocation done
Event: 21818.483 Executing VM operation: ParallelGCFailedAllocation
Event: 21818.485 Executing VM operation: ParallelGCFailedAllocation done
Event: 21818.496 Executing VM operation: ParallelGCFailedAllocation
Event: 21818.498 Executing VM operation: ParallelGCFailedAllocation done
Event: 21818.510 Executing VM operation: ParallelGCFailedAllocation
Event: 21818.514 Executing VM operation: ParallelGCFailedAllocation done
Event: 21891.962 Executing VM operation: HandshakeAllThreads
Event: 21891.962 Executing VM operation: HandshakeAllThreads done
Event: 21952.114 Executing VM operation: HandshakeAllThreads
Event: 21952.114 Executing VM operation: HandshakeAllThreads done
Event: 22012.249 Executing VM operation: HandshakeAllThreads
Event: 22012.249 Executing VM operation: HandshakeAllThreads done
Event: 22134.091 Executing VM operation: ParallelGCFailedAllocation
Event: 22134.093 Executing VM operation: ParallelGCFailedAllocation done
Event: 22138.389 Executing VM operation: ParallelGCFailedAllocation

Events (20 events):
Event: 21479.369 Thread 0x0000025013a7a620 Thread exited: 0x0000025013a7a620
Event: 21496.118 Thread 0x0000025013a7a620 Thread added: 0x0000025013a7a620
Event: 21496.150 Thread 0x0000025013a7a620 Thread exited: 0x0000025013a7a620
Event: 21496.635 Thread 0x0000025013a7e7f0 Thread added: 0x0000025013a7e7f0
Event: 21496.691 Thread 0x0000025013a7e7f0 Thread exited: 0x0000025013a7e7f0
Event: 21509.223 Thread 0x0000025013a7ba60 Thread exited: 0x0000025013a7ba60
Event: 21551.983 Thread 0x000002507ee7b9e0 Thread exited: 0x000002507ee7b9e0
Event: 21557.141 Thread 0x000002507ee7e260 Thread exited: 0x000002507ee7e260
Event: 21557.188 Thread 0x000002507ee800c0 Thread exited: 0x000002507ee800c0
Event: 21557.529 Thread 0x000002507ee7f190 Thread exited: 0x000002507ee7f190
Event: 21617.543 Thread 0x000002507ee78740 Thread exited: 0x000002507ee78740
Event: 21647.551 Thread 0x0000025013a7e7f0 Thread added: 0x0000025013a7e7f0
Event: 21647.552 Thread 0x0000025013a7e7f0 Thread exited: 0x0000025013a7e7f0
Event: 21677.543 Thread 0x000002507ee79b80 Thread exited: 0x000002507ee79b80
Event: 21737.545 Thread 0x000002507ee7fbb0 Thread exited: 0x000002507ee7fbb0
Event: 21818.419 Thread 0x0000025013a7b040 Thread added: 0x0000025013a7b040
Event: 21884.407 Thread 0x000002507ee7c910 Thread exited: 0x000002507ee7c910
Event: 21944.420 Thread 0x0000025013a7b040 Thread exited: 0x0000025013a7b040
Event: 22134.050 Thread 0x0000025013a7e7f0 Thread added: 0x0000025013a7e7f0
Event: 22138.382 Thread 0x0000025013a78cd0 Thread added: 0x0000025013a78cd0


Dynamic libraries:
0x00007ff6e0390000 - 0x00007ff6e039e000 	c:\Users\User\.vscode\extensions\redhat.java-1.28.1-win32-x64\jre\17.0.10-win32-x86_64\bin\java.exe
0x00007ffe38cd0000 - 0x00007ffe38ec8000 	C:\Windows\SYSTEM32\ntdll.dll
0x00007ffe37520000 - 0x00007ffe375dd000 	C:\Windows\System32\KERNEL32.DLL
0x00007ffe365b0000 - 0x00007ffe368a6000 	C:\Windows\System32\KERNELBASE.dll
0x00007ffe36360000 - 0x00007ffe36460000 	C:\Windows\System32\ucrtbase.dll
0x00007ffe25700000 - 0x00007ffe25717000 	c:\Users\User\.vscode\extensions\redhat.java-1.28.1-win32-x64\jre\17.0.10-win32-x86_64\bin\jli.dll
0x00007ffe37c00000 - 0x00007ffe37d9e000 	C:\Windows\System32\USER32.dll
0x00007ffe36cb0000 - 0x00007ffe36cd2000 	C:\Windows\System32\win32u.dll
0x00007ffe38190000 - 0x00007ffe381bb000 	C:\Windows\System32\GDI32.dll
0x00007ffe369a0000 - 0x00007ffe36ab7000 	C:\Windows\System32\gdi32full.dll
0x00007ffe368b0000 - 0x00007ffe3694d000 	C:\Windows\System32\msvcp_win.dll
0x00007ffe25520000 - 0x00007ffe2553b000 	c:\Users\User\.vscode\extensions\redhat.java-1.28.1-win32-x64\jre\17.0.10-win32-x86_64\bin\VCRUNTIME140.dll
0x00007ffe35730000 - 0x00007ffe359ca000 	C:\Windows\WinSxS\amd64_microsoft.windows.common-controls_6595b64144ccf1df_6.0.19041.3636_none_60b6a03d71f818d5\COMCTL32.dll
0x00007ffe36e60000 - 0x00007ffe36efe000 	C:\Windows\System32\msvcrt.dll
0x00007ffe36e20000 - 0x00007ffe36e52000 	C:\Windows\System32\IMM32.DLL
0x00007ffe2f850000 - 0x00007ffe2f85c000 	c:\Users\User\.vscode\extensions\redhat.java-1.28.1-win32-x64\jre\17.0.10-win32-x86_64\bin\vcruntime140_1.dll
0x00007ffe0cbe0000 - 0x00007ffe0cc6d000 	c:\Users\User\.vscode\extensions\redhat.java-1.28.1-win32-x64\jre\17.0.10-win32-x86_64\bin\msvcp140.dll
0x00007ffdc78d0000 - 0x00007ffdc8532000 	c:\Users\User\.vscode\extensions\redhat.java-1.28.1-win32-x64\jre\17.0.10-win32-x86_64\bin\server\jvm.dll
0x00007ffe375e0000 - 0x00007ffe37693000 	C:\Windows\System32\ADVAPI32.dll
0x00007ffe37b60000 - 0x00007ffe37bff000 	C:\Windows\System32\sechost.dll
0x00007ffe38aa0000 - 0x00007ffe38bc6000 	C:\Windows\System32\RPCRT4.dll
0x00007ffe36460000 - 0x00007ffe36487000 	C:\Windows\System32\bcrypt.dll
0x00007ffe35f60000 - 0x00007ffe35fab000 	C:\Windows\SYSTEM32\POWRPROF.dll
0x00007ffe35d10000 - 0x00007ffe35d19000 	C:\Windows\SYSTEM32\WSOCK32.dll
0x00007ffe37af0000 - 0x00007ffe37b5b000 	C:\Windows\System32\WS2_32.dll
0x00007ffe2c120000 - 0x00007ffe2c147000 	C:\Windows\SYSTEM32\WINMM.dll
0x00007ffe2d3b0000 - 0x00007ffe2d3ba000 	C:\Windows\SYSTEM32\VERSION.dll
0x00007ffe35ac0000 - 0x00007ffe35ad2000 	C:\Windows\SYSTEM32\UMPDC.dll
0x00007ffe33350000 - 0x00007ffe33362000 	C:\Windows\SYSTEM32\kernel.appcore.dll
0x00007ffe2e690000 - 0x00007ffe2e69a000 	c:\Users\User\.vscode\extensions\redhat.java-1.28.1-win32-x64\jre\17.0.10-win32-x86_64\bin\jimage.dll
0x00007ffe35d70000 - 0x00007ffe35f54000 	C:\Windows\SYSTEM32\DBGHELP.DLL
0x00007ffe35b00000 - 0x00007ffe35b34000 	C:\Windows\SYSTEM32\dbgcore.DLL
0x00007ffe36c20000 - 0x00007ffe36ca2000 	C:\Windows\System32\bcryptPrimitives.dll
0x00007ffe2c070000 - 0x00007ffe2c07e000 	c:\Users\User\.vscode\extensions\redhat.java-1.28.1-win32-x64\jre\17.0.10-win32-x86_64\bin\instrument.dll
0x00007ffe24cd0000 - 0x00007ffe24cf5000 	c:\Users\User\.vscode\extensions\redhat.java-1.28.1-win32-x64\jre\17.0.10-win32-x86_64\bin\java.dll
0x00007ffe24cb0000 - 0x00007ffe24cc8000 	c:\Users\User\.vscode\extensions\redhat.java-1.28.1-win32-x64\jre\17.0.10-win32-x86_64\bin\zip.dll
0x00007ffe38270000 - 0x00007ffe389b5000 	C:\Windows\System32\SHELL32.dll
0x00007ffe33630000 - 0x00007ffe33dcc000 	C:\Windows\SYSTEM32\windows.storage.dll
0x00007ffe37e30000 - 0x00007ffe38184000 	C:\Windows\System32\combase.dll
0x00007ffe35690000 - 0x00007ffe356be000 	C:\Windows\SYSTEM32\Wldp.dll
0x00007ffe377d0000 - 0x00007ffe3789d000 	C:\Windows\System32\OLEAUT32.dll
0x00007ffe37910000 - 0x00007ffe379bd000 	C:\Windows\System32\SHCORE.dll
0x00007ffe36d60000 - 0x00007ffe36db5000 	C:\Windows\System32\shlwapi.dll
0x00007ffe36290000 - 0x00007ffe362b5000 	C:\Windows\SYSTEM32\profapi.dll
0x00007ffe24780000 - 0x00007ffe24799000 	C:\Users\User\.vscode\extensions\redhat.java-1.28.1-win32-x64\jre\17.0.10-win32-x86_64\bin\net.dll
0x00007ffe2c4b0000 - 0x00007ffe2c5ba000 	C:\Windows\SYSTEM32\WINHTTP.dll
0x00007ffe35560000 - 0x00007ffe355ca000 	C:\Windows\system32\mswsock.dll
0x00007ffe24760000 - 0x00007ffe24776000 	C:\Users\User\.vscode\extensions\redhat.java-1.28.1-win32-x64\jre\17.0.10-win32-x86_64\bin\nio.dll
0x00007ffe2c050000 - 0x00007ffe2c060000 	c:\Users\User\.vscode\extensions\redhat.java-1.28.1-win32-x64\jre\17.0.10-win32-x86_64\bin\verify.dll
0x00007ffe16d60000 - 0x00007ffe16d9e000 	C:\Users\User\AppData\Roaming\Code\User\globalStorage\redhat.java\1.28.1\config_win\org.eclipse.equinox.launcher\org.eclipse.equinox.launcher.win32.win32.x86_64_1.2.900.v20240129-1338\eclipse_11900.dll
0x00007ffe379c0000 - 0x00007ffe37aeb000 	C:\Windows\System32\ole32.dll
0x00007ffe360d0000 - 0x00007ffe360e8000 	C:\Windows\SYSTEM32\CRYPTSP.dll
0x00007ffe34d80000 - 0x00007ffe34db4000 	C:\Windows\system32\rsaenh.dll
0x00007ffe36210000 - 0x00007ffe3623e000 	C:\Windows\SYSTEM32\USERENV.dll
0x00007ffe35650000 - 0x00007ffe3565c000 	C:\Windows\SYSTEM32\CRYPTBASE.dll
0x00007ffe350e0000 - 0x00007ffe3511b000 	C:\Windows\SYSTEM32\IPHLPAPI.DLL
0x00007ffe37da0000 - 0x00007ffe37da8000 	C:\Windows\System32\NSI.dll
0x00007ffe2dd80000 - 0x00007ffe2dd97000 	C:\Windows\SYSTEM32\dhcpcsvc6.DLL
0x00007ffe2dd60000 - 0x00007ffe2dd7d000 	C:\Windows\SYSTEM32\dhcpcsvc.DLL
0x00007ffe35120000 - 0x00007ffe351eb000 	C:\Windows\SYSTEM32\DNSAPI.dll
0x00007ffe08780000 - 0x00007ffe087c5000 	C:\Users\User\AppData\Local\Temp\jna-2645995\jna11596656668521471188.dll
0x00007ffe376a0000 - 0x00007ffe376a8000 	C:\Windows\System32\PSAPI.DLL
0x00007ffe30620000 - 0x00007ffe3062e000 	C:\Users\User\.vscode\extensions\redhat.java-1.28.1-win32-x64\jre\17.0.10-win32-x86_64\bin\sunmscapi.dll
0x00007ffe36ac0000 - 0x00007ffe36c1d000 	C:\Windows\System32\CRYPT32.dll
0x00007ffe35700000 - 0x00007ffe35728000 	C:\Windows\SYSTEM32\ncrypt.dll
0x00007ffe356c0000 - 0x00007ffe356fb000 	C:\Windows\SYSTEM32\NTASN1.dll
0x00007ffe272a0000 - 0x00007ffe272aa000 	C:\Windows\System32\rasadhlp.dll
0x00007ffe26f40000 - 0x00007ffe26fc0000 	C:\Windows\System32\fwpuclnt.dll
0x00007ffe30610000 - 0x00007ffe30619000 	C:\Users\User\.vscode\extensions\redhat.java-1.28.1-win32-x64\jre\17.0.10-win32-x86_64\bin\extnet.dll

dbghelp: loaded successfully - version: 4.0.5 - missing functions: none
symbol engine: initialized successfully - sym options: 0x614 - pdb path: .;c:\Users\User\.vscode\extensions\redhat.java-1.28.1-win32-x64\jre\17.0.10-win32-x86_64\bin;C:\Windows\SYSTEM32;C:\Windows\WinSxS\amd64_microsoft.windows.common-controls_6595b64144ccf1df_6.0.19041.3636_none_60b6a03d71f818d5;c:\Users\User\.vscode\extensions\redhat.java-1.28.1-win32-x64\jre\17.0.10-win32-x86_64\bin\server;C:\Users\User\AppData\Roaming\Code\User\globalStorage\redhat.java\1.28.1\config_win\org.eclipse.equinox.launcher\org.eclipse.equinox.launcher.win32.win32.x86_64_1.2.900.v20240129-1338;C:\Users\User\AppData\Local\Temp\jna-2645995

VM Arguments:
jvm_args: --add-modules=ALL-SYSTEM --add-opens=java.base/java.util=ALL-UNNAMED --add-opens=java.base/java.lang=ALL-UNNAMED --add-opens=java.base/sun.nio.fs=ALL-UNNAMED -Declipse.application=org.eclipse.jdt.ls.core.id1 -Dosgi.bundles.defaultStartLevel=4 -Declipse.product=org.eclipse.jdt.ls.core.product -Djava.import.generatesMetadataFilesAtProjectRoot=false -DDetectVMInstallationsJob.disabled=true -Dfile.encoding=utf8 -XX:+UseParallelGC -XX:GCTimeRatio=4 -XX:AdaptiveSizePolicyWeight=90 -Dsun.zip.disableMemoryMapping=true -Xmx1G -Xms100m -Xlog:disable -javaagent:c:\Users\User\.vscode\extensions\redhat.java-1.28.1-win32-x64\lombok\lombok-1.18.31.jar -XX:+HeapDumpOnOutOfMemoryError -XX:HeapDumpPath=c:\Users\User\AppData\Roaming\Code\User\workspaceStorage\84adf0e538bb5be1a7ab1075a8666ddc\redhat.java -Daether.dependencyCollector.impl=bf 
java_command: c:\Users\User\.vscode\extensions\redhat.java-1.28.1-win32-x64\server\plugins\org.eclipse.equinox.launcher_1.6.700.v20231214-2017.jar -configuration c:\Users\User\AppData\Roaming\Code\User\globalStorage\redhat.java\1.28.1\config_win -data c:\Users\User\AppData\Roaming\Code\User\workspaceStorage\84adf0e538bb5be1a7ab1075a8666ddc\redhat.java\jdt_ws --stdio
java_class_path (initial): c:\Users\User\.vscode\extensions\redhat.java-1.28.1-win32-x64\server\plugins\org.eclipse.equinox.launcher_1.6.700.v20231214-2017.jar
Launcher Type: SUN_STANDARD

[Global flags]
    uintx AdaptiveSizePolicyWeight                 = 90                                        {product} {command line}
     intx CICompilerCount                          = 3                                         {product} {ergonomic}
    uintx GCTimeRatio                              = 4                                         {product} {command line}
     bool HeapDumpOnOutOfMemoryError               = true                                   {manageable} {command line}
    ccstr HeapDumpPath                             = c:\Users\User\AppData\Roaming\Code\User\workspaceStorage\84adf0e538bb5be1a7ab1075a8666ddc\redhat.java         {manageable} {command line}
   size_t InitialHeapSize                          = 104857600                                 {product} {command line}
   size_t MaxHeapSize                              = 1073741824                                {product} {command line}
   size_t MaxNewSize                               = 357564416                                 {product} {ergonomic}
   size_t MinHeapDeltaBytes                        = 524288                                    {product} {ergonomic}
   size_t MinHeapSize                              = 104857600                                 {product} {command line}
   size_t NewSize                                  = 34603008                                  {product} {ergonomic}
    uintx NonNMethodCodeHeapSize                   = 5832780                                {pd product} {ergonomic}
    uintx NonProfiledCodeHeapSize                  = 122912730                              {pd product} {ergonomic}
   size_t OldSize                                  = 70254592                                  {product} {ergonomic}
    uintx ProfiledCodeHeapSize                     = 122912730                              {pd product} {ergonomic}
    uintx ReservedCodeCacheSize                    = 251658240                              {pd product} {ergonomic}
     bool SegmentedCodeCache                       = true                                      {product} {ergonomic}
   size_t SoftMaxHeapSize                          = 1073741824                             {manageable} {ergonomic}
     bool UseCompressedClassPointers               = true                           {product lp64_product} {ergonomic}
     bool UseCompressedOops                        = true                           {product lp64_product} {ergonomic}
     bool UseLargePagesIndividualAllocation        = false                                  {pd product} {ergonomic}
     bool UseParallelGC                            = true                                      {product} {command line}

Logging:
Log output configuration:
 #0: stdout all=off uptime,level,tags
 #1: stderr all=off uptime,level,tags

Environment Variables:
PATH=C:\Program Files\Python312\Scripts\;C:\Program Files\Python312\;C:\msys64\ucrt64\bin;C:\Program Files\Common Files\Oracle\Java\javapath;C:\Windows\system32;C:\Windows;C:\Windows\System32\Wbem;C:\Windows\System32\WindowsPowerShell\v1.0\;C:\Windows\System32\OpenSSH\;C:\Program Files (x86)\dotnet\;C:\Program Files\dotnet\;C:\Program Files\Microsoft SQL Server\150\Tools\Binn\;C:\Program Files\Microsoft SQL Server\Client SDK\ODBC\170\Tools\Binn\;C:\Program Files (x86)\Windows Kits\10\Windows Performance Toolkit\;C:\Program Files\Git\cmd;C:\Users\User\AppData\Local\Programs\Python\Launcher\;C:\msys64\ucrt64\bin;C:\Users\User\AppData\Local\Microsoft\WindowsApps;C:\Users\User\AppData\Local\Programs\Microsoft VS Code\bin;C:\Users\User\.dotnet\tools;
USERNAME=User
OS=Windows_NT
PROCESSOR_IDENTIFIER=AMD64 Family 21 Model 16 Stepping 1, AuthenticAMD
TMP=C:\Users\User\AppData\Local\Temp
TEMP=C:\Users\User\AppData\Local\Temp



Periodic native trim disabled


---------------  S Y S T E M  ---------------

OS:
 Windows 10 , 64 bit Build 19041 (10.0.19041.3636)
OS uptime: 6 days 9:42 hours

CPU: total 4 (initial active 4) (4 cores per cpu, 1 threads per core) family 21 model 16 stepping 1 microcode 0x0, cx8, cmov, fxsr, mmx, 3dnowpref, sse, sse2, sse3, ssse3, sse4a, sse4.1, sse4.2, popcnt, lzcnt, tsc, tscinvbit, avx, aes, clmul, bmi1, fma, vzeroupper, clflush
Processor Information for all 4 processors :
  Max Mhz: 3800, Current Mhz: 3800, Mhz Limit: 3800

Memory: 4k page, system-wide physical 8135M (603M free)
TotalPageFile size 20090M (AvailPageFile size 5602M)
current process WorkingSet (physical memory assigned to process): 584M, peak: 853M
current process commit charge ("private bytes"): 479M, peak: 757M

vm_info: OpenJDK 64-Bit Server VM (17.0.10+7) for windows-amd64 JRE (17.0.10+7), built on Jan 16 2024 23:25:11 by "admin" with MS VC++ 16.10 / 16.11 (VS2019)

END.
